{"level":"info","message":"Your server is listening on port 3000"}
{"level":"warn","message":"POST /api/v1/users 404 13ms","meta":{}}
{"level":"warn","message":"POST /users 404 0ms","meta":{}}
{"level":"info","message":"Your server is listening on port 3000"}
{"level":"warn","message":"POST /users 404 13ms","meta":{}}
{"level":"warn","message":"POST /user 404 1ms","meta":{}}
{"level":"warn","message":"POST /api/users 400 15ms","meta":{}}
{"level":"warn","message":"POST /api/users 400 2ms","meta":{}}
{"level":"info","message":"Your server is listening on port 3000"}
{"level":"info","message":"Your server is listening on port 3000"}
{"level":"info","message":"Your server is listening on port 3000"}
{"level":"error","message":"POST /api/users 500 27ms","meta":{}}
{"level":"info","message":"Your server is listening on port 3000"}
{"level":"error","message":"POST /api/users 500 17ms","meta":{}}
{"level":"info","message":"Your server is listening on port 3000"}
{"level":"info","message":"POST /api/users 201 34ms","meta":{}}
{"level":"info","message":"POST /api/users 201 10ms","meta":{}}
{"level":"info","message":"Your server is listening on port 3000"}
{"level":"info","message":"Your server is listening on port 3000"}
{"level":"info","message":"Your server is listening on port 3000"}
{"level":"info","message":"Your server is listening on port 3000"}
{"level":"info","message":"Your server is listening on port 3000"}
{"level":"info","message":"Your server is listening on port 3000"}
{"level":"info","message":"Your server is listening on port 3000"}
{"level":"info","message":"Your server is listening on port 3000"}
{"level":"info","message":"GET /api/users?ordenarPor=email 200 31ms","meta":{}}
{"level":"info","message":"Your server is listening on port 3000"}
{"level":"info","message":"GET /api/users?ordenarPor=email 200 19ms","meta":{}}
{"level":"info","message":"GET /api/users?ordenarPor=nombre 200 5ms","meta":{}}
{"level":"info","message":"Your server is listening on port 3000"}
{"level":"info","message":"Your server is listening on port 3000"}
{"level":"info","message":"GET /api/users?ordenarPor=nombre 200 19ms","meta":{}}
{"level":"info","message":"GET /api/users?ordenarPor=dni 200 4ms","meta":{}}
{"level":"info","message":"GET /api/users?ordenarPor=nombre 200 6ms","meta":{}}
{"level":"info","message":"GET /api/users?ordenarPor=name 200 6ms","meta":{}}
{"level":"info","message":"GET /api/users?ordenarPor=userInformation 200 6ms","meta":{}}
{"level":"info","message":"GET /api/users?sortBy=dni 200 4ms","meta":{}}
{"level":"info","message":"GET /api/users?sortBy=name 200 4ms","meta":{}}
{"level":"info","message":"GET /api/users?sortBy=email 200 4ms","meta":{}}
{"level":"info","message":"GET /api/users?sortBy=color 200 3ms","meta":{}}
{"level":"info","message":"Your server is listening on port 3000"}
{"level":"info","message":"Your server is listening on port 3000"}
